2019-09-13 14:41:41:4141 info: Server is running on PORT 5000: check http://localhost:5000
2019-09-13 14:42:01:421 info: Server is running on PORT 5000: check http://localhost:5000
2019-09-13 14:42:02:422 info: Database is connected
2019-09-13 14:42:08:428 info: Server is running on PORT 5000: check http://localhost:5000
2019-09-13 14:42:12:4212 info: Server is running on PORT 5000: check http://localhost:5000
2019-09-13 14:42:13:4213 info: Database is connected
2019-09-13 14:42:59:4259 info: GET / 304 9.725 ms - -
2019-09-13 14:43:04:434 info: GET / 304 1.181 ms - -
2019-09-13 14:43:12:4312 info: GET / 304 0.766 ms - -
2019-09-13 14:43:16:4316 info: GET / 304 1.075 ms - -
2019-09-13 14:43:47:4347 info: POST /api/users/register 400 18.205 ms - 145
2019-09-13 14:44:42:4442 info: GET / 304 0.529 ms - -
2019-09-13 14:45:13:4513 info: GET / 304 1.604 ms - -
2019-09-13 14:45:17:4517 info: GET / 304 0.765 ms - -
2019-09-13 14:45:24:4524 info: GET / 304 0.811 ms - -
2019-09-13 14:45:33:4533 info: GET / 304 0.997 ms - -
2019-09-13 14:47:07:477 info: POST /api/users/register 200 245.218 ms - 277
2019-09-13 14:48:20:4820 info: Server is running on PORT 5000: check http://localhost:5000
2019-09-13 14:48:21:4821 info: Database is connected
2019-09-13 14:56:11:5611 info: Server is running on PORT 5000: check http://localhost:5000
2019-09-13 14:56:12:5612 info: Database is connected
2019-09-13 14:57:16:5716 info: Server is running on PORT 5000: check http://localhost:5000
2019-09-13 14:57:17:5717 info: Database is connected
2019-09-13 14:57:29:5729 info: Server is running on PORT 5000: check http://localhost:5000
2019-09-13 14:57:30:5730 info: Database is connected
2019-09-13 14:57:32:5732 info: Server is running on PORT 5000: check http://localhost:5000
2019-09-13 14:57:33:5733 info: Database is connected
2019-09-13 14:57:49:5749 info: Server is running on PORT 5000: check http://localhost:5000
2019-09-13 14:57:54:5754 info: Server is running on PORT 5000: check http://localhost:5000
2019-09-13 14:57:55:5755 info: Database is connected
2019-09-13 14:58:01:581 info: Server is running on PORT 5000: check http://localhost:5000
2019-09-13 14:58:02:582 info: Database is connected
2019-09-13 15:08:47:847 info: GET / 304 7.308 ms - -
2019-09-13 15:09:08:98 info: GET / 304 1.053 ms - -
2019-09-13 15:09:13:913 info: GET / 304 0.737 ms - -
2019-09-13 15:09:20:920 info: GET / 304 0.763 ms - -
2019-09-13 15:09:25:925 info: GET / 304 0.625 ms - -
2019-09-13 15:09:27:927 info: GET / 304 0.468 ms - -
2019-09-13 15:09:30:930 info: GET / 304 0.596 ms - -
2019-09-13 15:09:33:933 info: GET / 304 1.814 ms - -
2019-09-13 15:09:35:935 info: GET / 304 0.968 ms - -
2019-09-13 15:09:36:936 info: GET / 304 0.638 ms - -
2019-09-13 15:09:38:938 info: GET / 304 0.516 ms - -
2019-09-13 15:10:07:107 info: GET / 304 0.644 ms - -
2019-09-13 15:10:13:1013 info: GET / 304 1.599 ms - -
2019-09-13 15:10:46:1046 info: GET / 304 0.469 ms - -
2019-09-13 15:11:15:1115 info: GET / 304 0.889 ms - -
2019-09-13 15:11:40:1140 info: Server is running on PORT 5000: check http://localhost:5000
2019-09-13 15:11:41:1141 info: Database is connected
2019-09-13 15:11:54:1154 info: Server is running on PORT 5000: check http://localhost:5000
2019-09-13 15:11:55:1155 info: Database is connected
2019-09-13 15:12:12:1212 info: GET / 304 8.704 ms - -
2019-09-13 15:15:35:1535 info: GET /robots.txt 404 2.845 ms - 149
2019-09-13 15:15:50:1550 info: POST /api/users/register 400 29.105 ms - 41
2019-09-13 15:15:53:1553 info: POST /api/users/register 200 131.945 ms - 276
2019-09-13 15:17:30:1730 info: GET / 304 0.708 ms - -
2019-09-13 15:17:51:1751 info: GET / 304 0.505 ms - -
2019-09-13 15:18:00:180 info: GET / 304 0.758 ms - -
2019-09-13 15:18:31:1831 info: GET / 304 1.833 ms - -
2019-09-13 15:20:23:2023 info: GET / 304 0.993 ms - -
2019-09-13 15:20:30:2030 info: GET / 304 0.645 ms - -
2019-09-13 15:20:38:2038 info: GET / 304 0.592 ms - -
2019-09-13 15:20:47:2047 info: GET / 304 1.198 ms - -
2019-09-13 15:21:23:2123 info: POST /api/users/forgot_password 422 4.224 ms - 29
2019-09-13 15:22:05:225 info: GET / 304 0.380 ms - -
2019-09-13 15:22:13:2213 info: POST /api/users/register 400 0.369 ms - 95
2019-09-13 15:24:31:2431 info: Server is running on PORT 5000: check http://localhost:5000
2019-09-13 15:24:32:2432 info: Database is connected
2019-09-13 15:24:38:2438 info: Server is running on PORT 5000: check http://localhost:5000
2019-09-13 15:24:40:2440 info: Server is running on PORT 5000: check http://localhost:5000
2019-09-13 15:24:41:2441 info: Database is connected
2019-09-13 15:25:45:2545 info: GET / 304 6.821 ms - -
2019-09-13 15:25:47:2547 info: GET / 304 1.587 ms - -
2019-09-13 15:25:52:2552 info: GET / 304 0.970 ms - -
2019-09-13 15:27:07:277 info: GET / 304 0.563 ms - -
2019-09-13 15:27:41:2741 info: GET / 304 1.371 ms - -
2019-09-13 15:28:01:281 info: GET / 304 0.701 ms - -
2019-09-13 15:28:05:285 info: POST /api/users/register 200 174.864 ms - 295
2019-09-13 15:28:46:2846 info: GET / 304 0.525 ms - -
2019-09-13 15:29:06:296 info: POST /api/users/login 200 91.345 ms - 351
2019-09-13 15:29:59:2959 info: GET / 304 0.894 ms - -
2019-09-13 15:30:08:308 info: GET / 304 1.830 ms - -
2019-09-13 15:34:21:3421 info: GET / 304 0.777 ms - -
2019-09-13 15:34:23:3423 info: GET / 304 0.723 ms - -
2019-09-13 15:34:26:3426 info: GET / 304 0.772 ms - -
2019-09-13 15:34:51:3451 info: GET / 304 0.583 ms - -
2019-09-13 15:34:58:3458 info: GET / 304 0.711 ms - -
2019-09-13 15:35:04:354 info: GET / 304 0.475 ms - -
2019-09-13 15:35:12:3512 info: GET / 304 1.085 ms - -
2019-09-13 15:35:16:3516 info: GET / 304 0.481 ms - -
2019-09-13 15:35:29:3529 info: GET / 304 0.771 ms - -
2019-09-13 15:35:35:3535 info: GET / 304 0.853 ms - -
2019-09-13 15:36:07:367 info: POST /api/users/login 400 87.818 ms - 33
2019-09-13 15:36:10:3610 info: GET / 304 0.830 ms - -
2019-09-13 15:36:15:3615 info: POST /api/users/login 200 94.827 ms - 351
2019-09-13 15:36:43:3643 info: GET / 304 0.702 ms - -
2019-09-13 15:36:51:3651 info: GET / 304 0.677 ms - -
2019-09-13 15:36:58:3658 info: GET / 304 0.599 ms - -
2019-09-13 15:37:05:375 info: GET / 304 0.851 ms - -
2019-09-13 15:37:20:3720 info: POST /api/users/login 200 89.950 ms - 351
2019-09-13 15:44:16:4416 info: GET / 304 0.878 ms - -
2019-09-13 15:44:19:4419 info: GET / 304 0.518 ms - -
2019-09-13 15:45:58:4558 info: GET / 304 0.754 ms - -
2019-09-13 15:46:07:467 info: GET / 304 0.709 ms - -
2019-09-13 15:46:55:4655 info: GET / 304 1.334 ms - -
2019-09-13 15:47:10:4710 info: GET / 304 0.939 ms - -
2019-09-13 15:47:36:4736 info: GET / 304 4.228 ms - -
2019-09-13 15:48:02:482 info: GET / 304 0.553 ms - -
2019-09-13 15:48:32:4832 info: GET / 304 1.427 ms - -
2019-09-13 15:48:43:4843 info: GET / 304 3.135 ms - -
2019-09-13 15:48:59:4859 info: GET / 304 0.572 ms - -
2019-09-13 15:49:20:4920 info: GET / 304 0.715 ms - -
2019-09-13 15:49:49:4949 info: GET / 304 0.482 ms - -
2019-09-13 15:49:52:4952 info: GET / 304 0.413 ms - -
2019-09-13 15:51:49:5149 info: GET / 304 1.779 ms - -
2019-09-13 15:52:43:5243 info: GET / 304 2.009 ms - -
2019-09-13 15:53:02:532 info: GET / 304 0.551 ms - -
2019-09-13 15:53:19:5319 info: GET / 304 0.431 ms - -
2019-09-13 15:53:21:5321 info: GET / 304 0.419 ms - -
2019-09-13 15:53:58:5358 info: GET / 304 0.999 ms - -
2019-09-13 15:54:52:5452 info: GET / 304 0.922 ms - -
2019-09-13 15:56:05:565 info: GET / 304 2.294 ms - -
2019-09-13 15:56:13:5613 info: GET / 304 0.520 ms - -
2019-09-13 15:56:31:5631 info: POST /api/users/register 200 90.265 ms - 296
